  Performing Custom Build Tools
          1 個のファイルをコピーしました。
  Performing Custom Build Tools
          1 個のファイルをコピーしました。
  Performing Custom Build Tools
          1 個のファイルをコピーしました。
  Performing Custom Build Tools
          1 個のファイルをコピーしました。
  Performing Custom Build Tools
          1 個のファイルをコピーしました。
  Performing Custom Build Tools
          1 個のファイルをコピーしました。
  Performing Custom Build Tools
          1 個のファイルをコピーしました。
  Performing Custom Build Tools
          1 個のファイルをコピーしました。
  Performing Custom Build Tools
          1 個のファイルをコピーしました。
  Performing Custom Build Tools
          1 個のファイルをコピーしました。
  Performing Custom Build Tools
          1 個のファイルをコピーしました。
  Performing Custom Build Tools
          1 個のファイルをコピーしました。
  Performing Custom Build Tools
          1 個のファイルをコピーしました。
  Performing Custom Build Tools
          1 個のファイルをコピーしました。
  Performing Custom Build Tools
          1 個のファイルをコピーしました。
  Performing Custom Build Tools
          1 個のファイルをコピーしました。
  Performing Custom Build Tools
          1 個のファイルをコピーしました。
  Performing Custom Build Tools
          1 個のファイルをコピーしました。
  Performing Custom Build Tools
          1 個のファイルをコピーしました。
  Performing Custom Build Tools
          1 個のファイルをコピーしました。
  Performing Custom Build Tools
          1 個のファイルをコピーしました。
  Performing Custom Build Tools
          1 個のファイルをコピーしました。
  Performing Custom Build Tools
          1 個のファイルをコピーしました。
  Performing Custom Build Tools
          1 個のファイルをコピーしました。
  Performing Custom Build Tools
          1 個のファイルをコピーしました。
  Performing Custom Build Tools
          1 個のファイルをコピーしました。
  Performing Custom Build Tools
          1 個のファイルをコピーしました。
  Performing Custom Build Tools
          1 個のファイルをコピーしました。
  Performing Custom Build Tools
          1 個のファイルをコピーしました。
  Performing Custom Build Tools
          1 個のファイルをコピーしました。
  Performing Custom Build Tools
          1 個のファイルをコピーしました。
  Performing Custom Build Tools
          1 個のファイルをコピーしました。
  Performing Custom Build Tools
          1 個のファイルをコピーしました。
  Performing Custom Build Tools
          1 個のファイルをコピーしました。
  Performing Custom Build Tools
          1 個のファイルをコピーしました。
  Performing Custom Build Tools
          1 個のファイルをコピーしました。
  Performing Custom Build Tools
          1 個のファイルをコピーしました。
  Performing Custom Build Tools
          1 個のファイルをコピーしました。
  Performing Custom Build Tools
          1 個のファイルをコピーしました。
  Performing Custom Build Tools
          1 個のファイルをコピーしました。
  Performing Custom Build Tools
          1 個のファイルをコピーしました。
  Performing Custom Build Tools
          1 個のファイルをコピーしました。
  Performing Custom Build Tools
          1 個のファイルをコピーしました。
  Performing Custom Build Tools
          1 個のファイルをコピーしました。
  Performing Custom Build Tools
          1 個のファイルをコピーしました。
  Performing Custom Build Tools
          1 個のファイルをコピーしました。
  Performing Custom Build Tools
          1 個のファイルをコピーしました。
  Performing Custom Build Tools
          1 個のファイルをコピーしました。
  Performing Custom Build Tools
          1 個のファイルをコピーしました。
  Performing Custom Build Tools
          1 個のファイルをコピーしました。
  Performing Custom Build Tools
          1 個のファイルをコピーしました。
  Performing Custom Build Tools
          1 個のファイルをコピーしました。
  Performing Custom Build Tools
          1 個のファイルをコピーしました。
  Performing Custom Build Tools
          1 個のファイルをコピーしました。
  Performing Custom Build Tools
          1 個のファイルをコピーしました。
  Performing Custom Build Tools
          1 個のファイルをコピーしました。
  Performing Custom Build Tools
          1 個のファイルをコピーしました。
  Performing Custom Build Tools
          1 個のファイルをコピーしました。
  Performing Custom Build Tools
          1 個のファイルをコピーしました。
  Performing Custom Build Tools
          1 個のファイルをコピーしました。
  Performing Custom Build Tools
          1 個のファイルをコピーしました。
  Performing Custom Build Tools
          1 個のファイルをコピーしました。
  Performing Custom Build Tools
          1 個のファイルをコピーしました。
  Performing Custom Build Tools
          1 個のファイルをコピーしました。
  Performing Custom Build Tools
          1 個のファイルをコピーしました。
  Performing Custom Build Tools
          1 個のファイルをコピーしました。
  Performing Custom Build Tools
          1 個のファイルをコピーしました。
  Performing Custom Build Tools
          1 個のファイルをコピーしました。
  Performing Custom Build Tools
          1 個のファイルをコピーしました。
  Performing Custom Build Tools
          1 個のファイルをコピーしました。
  Performing Custom Build Tools
          1 個のファイルをコピーしました。
  Performing Custom Build Tools
          1 個のファイルをコピーしました。
  Performing Custom Build Tools
          1 個のファイルをコピーしました。
  Performing Custom Build Tools
          1 個のファイルをコピーしました。
  Performing Custom Build Tools
          1 個のファイルをコピーしました。
  Performing Custom Build Tools
          1 個のファイルをコピーしました。
  Performing Custom Build Tools
          1 個のファイルをコピーしました。
  Performing Custom Build Tools
          1 個のファイルをコピーしました。
  region.cpp
  uregion.cpp
  alphaindex.cpp
  bocsu.cpp
  coleitr.cpp
c:\ws\game\g2\code\core\oss\icu4c-57_1-src\icu\source\i18n\collationiterator.h(304): warning C4251: 'icu_57::CollationIterator::ceBuffer': class 'icu_57::CollationIterator::CEBuffer' は __export キーワードを使って class 'icu_57::CollationIterator' にエクスポートしてください。
  c:\ws\game\g2\code\core\oss\icu4c-57_1-src\icu\source\i18n\collationiterator.h(37): note: 'icu_57::CollationIterator::CEBuffer' の宣言を確認してください
  coll.cpp
coll.cpp(985): warning C4267: '引数': 'size_t' から 'int32_t' に変換しました。データが失われているかもしれません。
coll.cpp(986): warning C4267: '引数': 'size_t' から 'int32_t' に変換しました。データが失われているかもしれません。
  collation.cpp
  collationbuilder.cpp
c:\ws\game\g2\code\core\oss\icu4c-57_1-src\icu\source\i18n\collationiterator.h(304): warning C4251: 'icu_57::CollationIterator::ceBuffer': class 'icu_57::CollationIterator::CEBuffer' は __export キーワードを使って class 'icu_57::CollationIterator' にエクスポートしてください。
  c:\ws\game\g2\code\core\oss\icu4c-57_1-src\icu\source\i18n\collationiterator.h(37): note: 'icu_57::CollationIterator::CEBuffer' の宣言を確認してください
  collationcompare.cpp
c:\ws\game\g2\code\core\oss\icu4c-57_1-src\icu\source\i18n\collationiterator.h(304): warning C4251: 'icu_57::CollationIterator::ceBuffer': class 'icu_57::CollationIterator::CEBuffer' は __export キーワードを使って class 'icu_57::CollationIterator' にエクスポートしてください。
  c:\ws\game\g2\code\core\oss\icu4c-57_1-src\icu\source\i18n\collationiterator.h(37): note: 'icu_57::CollationIterator::CEBuffer' の宣言を確認してください
  collationdata.cpp
  collationdatabuilder.cpp
c:\ws\game\g2\code\core\oss\icu4c-57_1-src\icu\source\i18n\collationiterator.h(304): warning C4251: 'icu_57::CollationIterator::ceBuffer': class 'icu_57::CollationIterator::CEBuffer' は __export キーワードを使って class 'icu_57::CollationIterator' にエクスポートしてください。
  c:\ws\game\g2\code\core\oss\icu4c-57_1-src\icu\source\i18n\collationiterator.h(37): note: 'icu_57::CollationIterator::CEBuffer' の宣言を確認してください
  collationdatareader.cpp
  collationdatawriter.cpp
collationdatawriter.cpp(225): warning C4244: '=': '__int64' から 'int32_t' への変換です。データが失われる可能性があります。
  collationfastlatin.cpp
  collationfastlatinbuilder.cpp
collationfastlatinbuilder.cpp(608): warning C4244: '初期化中': 'int64_t' から 'int32_t' への変換です。データが失われる可能性があります。
  collationfcd.cpp
  collationiterator.cpp
c:\ws\game\g2\code\core\oss\icu4c-57_1-src\icu\source\i18n\collationiterator.h(304): warning C4251: 'icu_57::CollationIterator::ceBuffer': class 'icu_57::CollationIterator::CEBuffer' は __export キーワードを使って class 'icu_57::CollationIterator' にエクスポートしてください。
  c:\ws\game\g2\code\core\oss\icu4c-57_1-src\icu\source\i18n\collationiterator.h(37): note: 'icu_57::CollationIterator::CEBuffer' の宣言を確認してください
  collationkeys.cpp
c:\ws\game\g2\code\core\oss\icu4c-57_1-src\icu\source\i18n\collationiterator.h(304): warning C4251: 'icu_57::CollationIterator::ceBuffer': class 'icu_57::CollationIterator::CEBuffer' は __export キーワードを使って class 'icu_57::CollationIterator' にエクスポートしてください。
  c:\ws\game\g2\code\core\oss\icu4c-57_1-src\icu\source\i18n\collationiterator.h(37): note: 'icu_57::CollationIterator::CEBuffer' の宣言を確認してください
  collationroot.cpp
  collationrootelements.cpp
  コードを生成中...
  コンパイル中...
  collationruleparser.cpp
  collationsets.cpp
c:\ws\game\g2\code\core\oss\icu4c-57_1-src\icu\source\i18n\collationiterator.h(304): warning C4251: 'icu_57::CollationIterator::ceBuffer': class 'icu_57::CollationIterator::CEBuffer' は __export キーワードを使って class 'icu_57::CollationIterator' にエクスポートしてください。
  c:\ws\game\g2\code\core\oss\icu4c-57_1-src\icu\source\i18n\collationiterator.h(37): note: 'icu_57::CollationIterator::CEBuffer' の宣言を確認してください
  collationsettings.cpp
  collationtailoring.cpp
  collationweights.cpp
  rulebasedcollator.cpp
c:\ws\game\g2\code\core\oss\icu4c-57_1-src\icu\source\i18n\collationiterator.h(304): warning C4251: 'icu_57::CollationIterator::ceBuffer': class 'icu_57::CollationIterator::CEBuffer' は __export キーワードを使って class 'icu_57::CollationIterator' にエクスポートしてください。
  c:\ws\game\g2\code\core\oss\icu4c-57_1-src\icu\source\i18n\collationiterator.h(37): note: 'icu_57::CollationIterator::CEBuffer' の宣言を確認してください
rulebasedcollator.cpp(765): warning C4267: '=': 'size_t' から 'int32_t' に変換しました。データが失われているかもしれません。
rulebasedcollator.cpp(767): warning C4267: '=': 'size_t' から 'int32_t' に変換しました。データが失われているかもしれません。
  search.cpp
  sortkey.cpp
  stsearch.cpp
  tzfmt.cpp
tzfmt.cpp(319): warning C4267: '初期化中': 'size_t' から 'int32_t' に変換しました。データが失われているかもしれません。
  tzgnames.cpp
tzgnames.cpp(407): warning C4267: '初期化中': 'size_t' から 'int32_t' に変換しました。データが失われているかもしれません。
  tznames.cpp
  tznames_impl.cpp
tznames_impl.cpp(1185): warning C4267: '初期化中': 'size_t' から 'int32_t' に変換しました。データが失われているかもしれません。
tznames_impl.cpp(1854): warning C4267: '初期化中': 'size_t' から 'int32_t' に変換しました。データが失われているかもしれません。
  ucol.cpp
  ucol_res.cpp
ucol_res.cpp(109): warning C4267: '初期化中': 'size_t' から 'int32_t' に変換しました。データが失われているかもしれません。
ucol_res.cpp(317): warning C4267: '初期化中': 'size_t' から 'int32_t' に変換しました。データが失われているかもしれません。
C:\ws\game\g2\code\core\oss\icu4c-57_1-src\icu\source\common\unifiedcache.h(108): warning C4267: '引数': 'size_t' から 'int32_t' に変換しました。データが失われているかもしれません。
  C:\ws\game\g2\code\core\oss\icu4c-57_1-src\icu\source\common\unifiedcache.h(106): note: クラス テンプレート のメンバー関数 'int32_t icu_57::CacheKey<T>::hashCode(void) const' のコンパイル中
          with
          [
              T=icu_57::CollationCacheEntry
          ]
  C:\ws\game\g2\code\core\oss\icu4c-57_1-src\icu\source\common\unifiedcache.h(134): note: コンパイル対象のクラス テンプレート インスタンス化 'icu_57::CacheKey<T>' のリファレンスを確認してください
          with
          [
              T=icu_57::CollationCacheEntry
          ]
  ucol_res.cpp(135): note: コンパイル対象のクラス テンプレート インスタンス化 'icu_57::LocaleCacheKey<icu_57::CollationCacheEntry>' のリファレンスを確認してください
  ucol_sit.cpp
  ucoleitr.cpp
  affixpatternparser.cpp
  decimfmtimpl.cpp
  digitaffix.cpp
  コードを生成中...
  コンパイル中...
  digitaffixesandpadding.cpp
  digitformatter.cpp
  digitgrouping.cpp
  digitinterval.cpp
  pluralaffix.cpp
  precision.cpp
precision.cpp(240): warning C4244: '引数': 'double' から 'int64_t' への変換です。データが失われる可能性があります。
  smallintformatter.cpp
  valueformatter.cpp
  visibledigits.cpp
  uitercollationiterator.cpp
c:\ws\game\g2\code\core\oss\icu4c-57_1-src\icu\source\i18n\collationiterator.h(304): warning C4251: 'icu_57::CollationIterator::ceBuffer': class 'icu_57::CollationIterator::CEBuffer' は __export キーワードを使って class 'icu_57::CollationIterator' にエクスポートしてください。
  c:\ws\game\g2\code\core\oss\icu4c-57_1-src\icu\source\i18n\collationiterator.h(37): note: 'icu_57::CollationIterator::CEBuffer' の宣言を確認してください
  usearch.cpp
  astro.cpp
  basictz.cpp
  buddhcal.cpp
  calendar.cpp
C:\ws\game\g2\code\core\oss\icu4c-57_1-src\icu\source\common\unifiedcache.h(108): warning C4267: '引数': 'size_t' から 'int32_t' に変換しました。データが失われているかもしれません。
  C:\ws\game\g2\code\core\oss\icu4c-57_1-src\icu\source\common\unifiedcache.h(106): note: クラス テンプレート のメンバー関数 'int32_t icu_57::CacheKey<T>::hashCode(void) const' のコンパイル中
          with
          [
              T=icu_57::SharedCalendar
          ]
  C:\ws\game\g2\code\core\oss\icu4c-57_1-src\icu\source\common\unifiedcache.h(134): note: コンパイル対象のクラス テンプレート インスタンス化 'icu_57::CacheKey<T>' のリファレンスを確認してください
          with
          [
              T=icu_57::SharedCalendar
          ]
  calendar.cpp(210): note: コンパイル対象のクラス テンプレート インスタンス化 'icu_57::LocaleCacheKey<icu_57::SharedCalendar>' のリファレンスを確認してください
  cecal.cpp
  chnsecal.cpp
  choicfmt.cpp
  compactdecimalformat.cpp
  coptccal.cpp
  コードを生成中...
  コンパイル中...
  curramt.cpp
  currfmt.cpp
  currpinf.cpp
  currunit.cpp
  dangical.cpp
  datefmt.cpp
C:\ws\game\g2\code\core\oss\icu4c-57_1-src\icu\source\common\unifiedcache.h(108): warning C4267: '引数': 'size_t' から 'int32_t' に変換しました。データが失われているかもしれません。
  C:\ws\game\g2\code\core\oss\icu4c-57_1-src\icu\source\common\unifiedcache.h(106): note: クラス テンプレート のメンバー関数 'int32_t icu_57::CacheKey<T>::hashCode(void) const' のコンパイル中
          with
          [
              T=icu_57::DateFmtBestPattern
          ]
  C:\ws\game\g2\code\core\oss\icu4c-57_1-src\icu\source\common\unifiedcache.h(134): note: コンパイル対象のクラス テンプレート インスタンス化 'icu_57::CacheKey<T>' のリファレンスを確認してください
          with
          [
              T=icu_57::DateFmtBestPattern
          ]
  datefmt.cpp(60): note: コンパイル対象のクラス テンプレート インスタンス化 'icu_57::LocaleCacheKey<icu_57::DateFmtBestPattern>' のリファレンスを確認してください
  dayperiodrules.cpp
  dcfmtsym.cpp
  decfmtst.cpp
  decimalformatpattern.cpp
  decimfmt.cpp
  digitlst.cpp
  dtfmtsym.cpp
C:\ws\game\g2\code\core\oss\icu4c-57_1-src\icu\source\common\unifiedcache.h(108): warning C4267: '引数': 'size_t' から 'int32_t' に変換しました。データが失われているかもしれません。
  C:\ws\game\g2\code\core\oss\icu4c-57_1-src\icu\source\common\unifiedcache.h(106): note: クラス テンプレート のメンバー関数 'int32_t icu_57::CacheKey<T>::hashCode(void) const' のコンパイル中
          with
          [
              T=icu_57::SharedDateFormatSymbols
          ]
  C:\ws\game\g2\code\core\oss\icu4c-57_1-src\icu\source\common\unifiedcache.h(134): note: コンパイル対象のクラス テンプレート インスタンス化 'icu_57::CacheKey<T>' のリファレンスを確認してください
          with
          [
              T=icu_57::SharedDateFormatSymbols
          ]
  dtfmtsym.cpp(168): note: コンパイル対象のクラス テンプレート インスタンス化 'icu_57::LocaleCacheKey<icu_57::SharedDateFormatSymbols>' のリファレンスを確認してください
  dtitvfmt.cpp
  dtitvinf.cpp
  dtptngen.cpp
dtptngen.cpp(571): warning C4267: '引数': 'size_t' から 'int32_t' に変換しました。データが失われているかもしれません。
dtptngen.cpp(573): warning C4267: '引数': 'size_t' から 'int32_t' に変換しました。データが失われているかもしれません。
  dtrule.cpp
  ethpccal.cpp
  fmtable.cpp
  fmtable_cnv.cpp
  コードを生成中...
  コンパイル中...
  format.cpp
  fphdlimp.cpp
  fpositer.cpp
  gender.cpp
  gregocal.cpp
  gregoimp.cpp
  hebrwcal.cpp
  identifier_info.cpp
  indiancal.cpp
  islamcal.cpp
  japancal.cpp
  measfmt.cpp
C:\ws\game\g2\code\core\oss\icu4c-57_1-src\icu\source\common\unifiedcache.h(108): warning C4267: '引数': 'size_t' から 'int32_t' に変換しました。データが失われているかもしれません。
  C:\ws\game\g2\code\core\oss\icu4c-57_1-src\icu\source\common\unifiedcache.h(106): note: クラス テンプレート のメンバー関数 'int32_t icu_57::CacheKey<T>::hashCode(void) const' のコンパイル中
          with
          [
              T=icu_57::MeasureFormatCacheData
          ]
  C:\ws\game\g2\code\core\oss\icu4c-57_1-src\icu\source\common\unifiedcache.h(134): note: コンパイル対象のクラス テンプレート インスタンス化 'icu_57::CacheKey<T>' のリファレンスを確認してください
          with
          [
              T=icu_57::MeasureFormatCacheData
          ]
  measfmt.cpp(464): note: コンパイル対象のクラス テンプレート インスタンス化 'icu_57::LocaleCacheKey<icu_57::MeasureFormatCacheData>' のリファレンスを確認してください
  measunit.cpp
  measure.cpp
  msgfmt.cpp
  nfrs.cpp
  nfrule.cpp
  nfsubs.cpp
  numfmt.cpp
C:\ws\game\g2\code\core\oss\icu4c-57_1-src\icu\source\common\unifiedcache.h(108): warning C4267: '引数': 'size_t' から 'int32_t' に変換しました。データが失われているかもしれません。
  C:\ws\game\g2\code\core\oss\icu4c-57_1-src\icu\source\common\unifiedcache.h(106): note: クラス テンプレート のメンバー関数 'int32_t icu_57::CacheKey<T>::hashCode(void) const' のコンパイル中
          with
          [
              T=icu_57::SharedNumberFormat
          ]
  C:\ws\game\g2\code\core\oss\icu4c-57_1-src\icu\source\common\unifiedcache.h(134): note: コンパイル対象のクラス テンプレート インスタンス化 'icu_57::CacheKey<T>' のリファレンスを確認してください
          with
          [
              T=icu_57::SharedNumberFormat
          ]
  numfmt.cpp(1255): note: コンパイル対象のクラス テンプレート インスタンス化 'icu_57::LocaleCacheKey<icu_57::SharedNumberFormat>' のリファレンスを確認してください
  numsys.cpp
  コードを生成中...
  コンパイル中...
  olsontz.cpp
  persncal.cpp
  plurfmt.cpp
  plurrule.cpp
plurrule.cpp(1645): warning C4267: '=': 'size_t' から 'int32_t' に変換しました。データが失われているかもしれません。
C:\ws\game\g2\code\core\oss\icu4c-57_1-src\icu\source\common\unifiedcache.h(108): warning C4267: '引数': 'size_t' から 'int32_t' に変換しました。データが失われているかもしれません。
  C:\ws\game\g2\code\core\oss\icu4c-57_1-src\icu\source\common\unifiedcache.h(106): note: クラス テンプレート のメンバー関数 'int32_t icu_57::CacheKey<T>::hashCode(void) const' のコンパイル中
          with
          [
              T=icu_57::SharedPluralRules
          ]
  C:\ws\game\g2\code\core\oss\icu4c-57_1-src\icu\source\common\unifiedcache.h(134): note: コンパイル対象のクラス テンプレート インスタンス化 'icu_57::CacheKey<T>' のリファレンスを確認してください
          with
          [
              T=icu_57::SharedPluralRules
          ]
  plurrule.cpp(145): note: コンパイル対象のクラス テンプレート インスタンス化 'icu_57::LocaleCacheKey<icu_57::SharedPluralRules>' のリファレンスを確認してください
  quantityformatter.cpp
  rbnf.cpp
  rbtz.cpp
  reldatefmt.cpp
reldatefmt.cpp(486): warning C4267: '初期化中': 'size_t' から 'int32_t' に変換しました。データが失われているかもしれません。
reldatefmt.cpp(607): warning C4267: '初期化中': 'size_t' から 'int32_t' に変換しました。データが失われているかもしれません。
C:\ws\game\g2\code\core\oss\icu4c-57_1-src\icu\source\common\unifiedcache.h(108): warning C4267: '引数': 'size_t' から 'int32_t' に変換しました。データが失われているかもしれません。
  C:\ws\game\g2\code\core\oss\icu4c-57_1-src\icu\source\common\unifiedcache.h(106): note: クラス テンプレート のメンバー関数 'int32_t icu_57::CacheKey<T>::hashCode(void) const' のコンパイル中
          with
          [
              T=icu_57::RelativeDateTimeCacheData
          ]
  C:\ws\game\g2\code\core\oss\icu4c-57_1-src\icu\source\common\unifiedcache.h(134): note: コンパイル対象のクラス テンプレート インスタンス化 'icu_57::CacheKey<T>' のリファレンスを確認してください
          with
          [
              T=icu_57::RelativeDateTimeCacheData
          ]
  reldatefmt.cpp(696): note: コンパイル対象のクラス テンプレート インスタンス化 'icu_57::LocaleCacheKey<icu_57::RelativeDateTimeCacheData>' のリファレンスを確認してください
  reldtfmt.cpp
  scientificnumberformatter.cpp
  sharedbreakiterator.cpp
  selfmt.cpp
  simpletz.cpp
  scriptset.cpp
  smpdtfmt.cpp
  smpdtfst.cpp
  standardplural.cpp
  taiwncal.cpp
  timezone.cpp
timezone.cpp(1612): warning C4244: '引数': '__int64' から 'int32_t' への変換です。データが失われる可能性があります。
timezone.cpp(1673): warning C4244: '引数': '__int64' から 'int32_t' への変換です。データが失われる可能性があります。
  tmunit.cpp
  コードを生成中...
  コンパイル中...
  tmutamt.cpp
  tmutfmt.cpp
  tzrule.cpp
  tztrans.cpp
  ucal.cpp
  udat.cpp
  udateintervalformat.cpp
  udatpg.cpp
  ufieldpositer.cpp
  umsg.cpp
  unum.cpp
unum.cpp(272): warning C4267: '=': 'size_t' から 'int32_t' に変換しました。データが失われているかもしれません。
  unumsys.cpp
  upluralrules.cpp
  utf16collationiterator.cpp
c:\ws\game\g2\code\core\oss\icu4c-57_1-src\icu\source\i18n\collationiterator.h(304): warning C4251: 'icu_57::CollationIterator::ceBuffer': class 'icu_57::CollationIterator::CEBuffer' は __export キーワードを使って class 'icu_57::CollationIterator' にエクスポートしてください。
  c:\ws\game\g2\code\core\oss\icu4c-57_1-src\icu\source\i18n\collationiterator.h(37): note: 'icu_57::CollationIterator::CEBuffer' の宣言を確認してください
  utf8collationiterator.cpp
c:\ws\game\g2\code\core\oss\icu4c-57_1-src\icu\source\i18n\collationiterator.h(304): warning C4251: 'icu_57::CollationIterator::ceBuffer': class 'icu_57::CollationIterator::CEBuffer' は __export キーワードを使って class 'icu_57::CollationIterator' にエクスポートしてください。
  c:\ws\game\g2\code\core\oss\icu4c-57_1-src\icu\source\i18n\collationiterator.h(37): note: 'icu_57::CollationIterator::CEBuffer' の宣言を確認してください
  vtzone.cpp
  vzone.cpp
  windtfmt.cpp
  winnmfmt.cpp
  wintzimpl.cpp
  コードを生成中...
  コンパイル中...
  zonemeta.cpp
zonemeta.cpp(786): warning C4267: '初期化中': 'size_t' から 'int32_t' に変換しました。データが失われているかもしれません。
  zrule.cpp
  ztrans.cpp
  ucln_in.cpp
  regexcmp.cpp
  regeximp.cpp
  regexst.cpp
  regextxt.cpp
  rematch.cpp
  repattrn.cpp
  uregex.cpp
  uregexc.cpp
  anytrans.cpp
  brktrans.cpp
  casetrn.cpp
  cpdtrans.cpp
  esctrn.cpp
  funcrepl.cpp
  name2uni.cpp
  nortrans.cpp
  コードを生成中...
  コンパイル中...
  nultrans.cpp
  quant.cpp
  rbt.cpp
  rbt_data.cpp
  rbt_pars.cpp
  rbt_rule.cpp
  rbt_set.cpp
  remtrans.cpp
  strmatch.cpp
  strrepl.cpp
  titletrn.cpp
  tolowtrn.cpp
  toupptrn.cpp
  translit.cpp
  transreg.cpp
  tridpars.cpp
  unesctrn.cpp
  uni2name.cpp
  utrans.cpp
  csdetect.cpp
  コードを生成中...
  コンパイル中...
  csmatch.cpp
  csr2022.cpp
  csrecog.cpp
  csrmbcs.cpp
  csrsbcs.cpp
  csrucode.cpp
  csrutf8.cpp
  inputext.cpp
  ucsdet.cpp
  uspoof.cpp
uspoof.cpp(359): warning C4267: '引数': 'size_t' から 'int32_t' に変換しました。データが失われているかもしれません。
uspoof.cpp(398): warning C4267: '引数': 'size_t' から 'int32_t' に変換しました。データが失われているかもしれません。
uspoof.cpp(399): warning C4267: '引数': 'size_t' から 'int32_t' に変換しました。データが失われているかもしれません。
uspoof.cpp(743): warning C4267: '引数': 'size_t' から 'int32_t' に変換しました。データが失われているかもしれません。
  uspoof_build.cpp
  uspoof_conf.cpp
  uspoof_impl.cpp
  uspoof_wsconf.cpp
  コードを生成中...
  decContext.c
  decNumber.c
decNumber.c(387): warning C4244: '関数': '__int64' から 'int32_t' への変換です。データが失われる可能性があります。
decNumber.c(667): warning C4244: '-=': '__int64' から 'int32_t' への変換です。データが失われる可能性があります。
decNumber.c(867): warning C4244: '関数': '__int64' から 'int32_t' への変換です。データが失われる可能性があります。
decNumber.c(1254): warning C4244: '関数': '__int64' から 'int32_t' への変換です。データが失われる可能性があります。
decNumber.c(1881): warning C4244: '関数': '__int64' から 'int32_t' への変換です。データが失われる可能性があります。
decNumber.c(2587): warning C4244: '関数': '__int64' から 'int32_t' への変換です。データが失われる可能性があります。
decNumber.c(3311): warning C4244: '関数': '__int64' から 'int32_t' への変換です。データが失われる可能性があります。
decNumber.c(5102): warning C4244: '=': '__int64' から 'int32_t' への変換です。データが失われる可能性があります。
decNumber.c(6588): warning C4244: 'return': '__int64' から 'int32_t' への変換です。データが失われる可能性があります。
decNumber.c(6592): warning C4244: 'return': '__int64' から 'int32_t' への変換です。データが失われる可能性があります。
decNumber.c(6615): warning C4244: 'return': '__int64' から 'int32_t' への変換です。データが失われる可能性があります。
decNumber.c(6799): warning C4244: 'return': '__int64' から 'int32_t' への変換です。データが失われる可能性があります。
decNumber.c(6827): warning C4244: 'return': '__int64' から 'int32_t' への変換です。データが失われる可能性があります。
decNumber.c(7691): warning C4244: '関数': '__int64' から 'int32_t' への変換です。データが失われる可能性があります。
  ulocdata.c
ulocdata.c(373): warning C4244: '=': '__int64' から 'int32_t' への変換です。データが失われる可能性があります。
  utmscale.c
  コードを生成中...
C:\Program Files (x86)\MSBuild\Microsoft.Cpp\v4.0\V140\Microsoft.CppBuild.targets(1189,5): warning MSB8012: TargetPath(C:\ws\game\g2\code\core\oss\icu4c-57_1-src\icu\source\i18n\.\x64\Release\i18n.dll) does not match the Linker's OutputFile property value (C:\ws\game\g2\code\core\oss\icu4c-57_1-src\icu\bin64\icuin57.dll). This may cause your project to build incorrectly. To correct this, please make sure that $(OutDir), $(TargetName) and $(TargetExt) property values match the value specified in %(Link.OutputFile).
C:\Program Files (x86)\MSBuild\Microsoft.Cpp\v4.0\V140\Microsoft.CppBuild.targets(1191,5): warning MSB8012: TargetName(i18n) does not match the Linker's OutputFile property value (icuin57). This may cause your project to build incorrectly. To correct this, please make sure that $(OutDir), $(TargetName) and $(TargetExt) property values match the value specified in %(Link.OutputFile).
     ライブラリ ..\..\lib64\icuin.lib とオブジェクト ..\..\lib64\icuin.exp を作成中
  i18n.vcxproj -> C:\ws\game\g2\code\core\oss\icu4c-57_1-src\icu\source\i18n\.\x64\Release\i18n.dll
  i18n.vcxproj -> .\..\..\lib64\icuin.pdb (Full PDB)
