  Performing Custom Build Tools
          1 個のファイルをコピーしました。
  Performing Custom Build Tools
          1 個のファイルをコピーしました。
  Performing Custom Build Tools
          1 個のファイルをコピーしました。
  Performing Custom Build Tools
          1 個のファイルをコピーしました。
  Performing Custom Build Tools
          1 個のファイルをコピーしました。
  Performing Custom Build Tools
          1 個のファイルをコピーしました。
  Performing Custom Build Tools
          1 個のファイルをコピーしました。
  Performing Custom Build Tools
          1 個のファイルをコピーしました。
  Performing Custom Build Tools
          1 個のファイルをコピーしました。
  Performing Custom Build Tools
          1 個のファイルをコピーしました。
  Performing Custom Build Tools
          1 個のファイルをコピーしました。
  Performing Custom Build Tools
          1 個のファイルをコピーしました。
  Performing Custom Build Tools
          1 個のファイルをコピーしました。
  Performing Custom Build Tools
          1 個のファイルをコピーしました。
  Performing Custom Build Tools
          1 個のファイルをコピーしました。
  Performing Custom Build Tools
          1 個のファイルをコピーしました。
  Performing Custom Build Tools
          1 個のファイルをコピーしました。
  Performing Custom Build Tools
          1 個のファイルをコピーしました。
  Performing Custom Build Tools
          1 個のファイルをコピーしました。
  Performing Custom Build Tools
          1 個のファイルをコピーしました。
  Performing Custom Build Tools
          1 個のファイルをコピーしました。
  Performing Custom Build Tools
          1 個のファイルをコピーしました。
  Performing Custom Build Tools
          1 個のファイルをコピーしました。
  Performing Custom Build Tools
          1 個のファイルをコピーしました。
  Performing Custom Build Tools
          1 個のファイルをコピーしました。
  Performing Custom Build Tools
          1 個のファイルをコピーしました。
  Performing Custom Build Tools
          1 個のファイルをコピーしました。
  Performing Custom Build Tools
          1 個のファイルをコピーしました。
  Performing Custom Build Tools
          1 個のファイルをコピーしました。
  Performing Custom Build Tools
          1 個のファイルをコピーしました。
  Performing Custom Build Tools
          1 個のファイルをコピーしました。
  Performing Custom Build Tools
          1 個のファイルをコピーしました。
  Performing Custom Build Tools
          1 個のファイルをコピーしました。
  Performing Custom Build Tools
          1 個のファイルをコピーしました。
  Performing Custom Build Tools
          1 個のファイルをコピーしました。
  Performing Custom Build Tools
          1 個のファイルをコピーしました。
  Performing Custom Build Tools
          1 個のファイルをコピーしました。
  Performing Custom Build Tools
          1 個のファイルをコピーしました。
  Performing Custom Build Tools
          1 個のファイルをコピーしました。
  Performing Custom Build Tools
          1 個のファイルをコピーしました。
  Performing Custom Build Tools
          1 個のファイルをコピーしました。
  Performing Custom Build Tools
          1 個のファイルをコピーしました。
  Performing Custom Build Tools
          1 個のファイルをコピーしました。
  Performing Custom Build Tools
          1 個のファイルをコピーしました。
  Performing Custom Build Tools
          1 個のファイルをコピーしました。
  Performing Custom Build Tools
          1 個のファイルをコピーしました。
  Performing Custom Build Tools
          1 個のファイルをコピーしました。
  Performing Custom Build Tools
          1 個のファイルをコピーしました。
  Performing Custom Build Tools
          1 個のファイルをコピーしました。
  Performing Custom Build Tools
          1 個のファイルをコピーしました。
  Performing Custom Build Tools
          1 個のファイルをコピーしました。
  Performing Custom Build Tools
          1 個のファイルをコピーしました。
  Performing Custom Build Tools
          1 個のファイルをコピーしました。
  Performing Custom Build Tools
          1 個のファイルをコピーしました。
  Performing Custom Build Tools
          1 個のファイルをコピーしました。
  Performing Custom Build Tools
          1 個のファイルをコピーしました。
  Performing Custom Build Tools
          1 個のファイルをコピーしました。
  Performing Custom Build Tools
          1 個のファイルをコピーしました。
  Performing Custom Build Tools
          1 個のファイルをコピーしました。
  Performing Custom Build Tools
          1 個のファイルをコピーしました。
  Performing Custom Build Tools
          1 個のファイルをコピーしました。
  Performing Custom Build Tools
          1 個のファイルをコピーしました。
  Performing Custom Build Tools
          1 個のファイルをコピーしました。
  Performing Custom Build Tools
          1 個のファイルをコピーしました。
  Performing Custom Build Tools
          1 個のファイルをコピーしました。
  Performing Custom Build Tools
          1 個のファイルをコピーしました。
  Performing Custom Build Tools
          1 個のファイルをコピーしました。
  Performing Custom Build Tools
          1 個のファイルをコピーしました。
  Performing Custom Build Tools
          1 個のファイルをコピーしました。
  Performing Custom Build Tools
          1 個のファイルをコピーしました。
  Performing Custom Build Tools
          1 個のファイルをコピーしました。
  Performing Custom Build Tools
          1 個のファイルをコピーしました。
  Performing Custom Build Tools
          1 個のファイルをコピーしました。
  Performing Custom Build Tools
          1 個のファイルをコピーしました。
  Performing Custom Build Tools
          1 個のファイルをコピーしました。
  Performing Custom Build Tools
          1 個のファイルをコピーしました。
  Performing Custom Build Tools
          1 個のファイルをコピーしました。
  Performing Custom Build Tools
          1 個のファイルをコピーしました。
  Performing Custom Build Tools
          1 個のファイルをコピーしました。
  Performing Custom Build Tools
          1 個のファイルをコピーしました。
  Performing Custom Build Tools
          1 個のファイルをコピーしました。
  Performing Custom Build Tools
          1 個のファイルをコピーしました。
  Performing Custom Build Tools
          1 個のファイルをコピーしました。
  Performing Custom Build Tools
          1 個のファイルをコピーしました。
  Performing Custom Build Tools
          1 個のファイルをコピーしました。
  Performing Custom Build Tools
          1 個のファイルをコピーしました。
  Performing Custom Build Tools
          1 個のファイルをコピーしました。
  Performing Custom Build Tools
          1 個のファイルをコピーしました。
  Performing Custom Build Tools
          1 個のファイルをコピーしました。
  Performing Custom Build Tools
          1 個のファイルをコピーしました。
  filteredbrk.cpp
  uloc_keytype.cpp
uloc_keytype.cpp(228): warning C4267: '初期化中': 'size_t' から 'int32_t' に変換しました。データが失われているかもしれません。
uloc_keytype.cpp(320): warning C4267: '初期化中': 'size_t' から 'int32_t' に変換しました。データが失われているかもしれません。
  ushape.cpp
  brkeng.cpp
  brkiter.cpp
  dictbe.cpp
  pluralmap.cpp
  rbbi.cpp
  rbbidata.cpp
  rbbinode.cpp
  rbbirb.cpp
  rbbiscan.cpp
  rbbisetb.cpp
  rbbistbl.cpp
  rbbitblb.cpp
  dictionarydata.cpp
  ubrk.cpp
  uhash_us.cpp
  ustack.cpp
  ustrenum.cpp
  コードを生成中...
  コンパイル中...
  utrie.cpp
  utrie2.cpp
  utrie2_builder.cpp
  uvector.cpp
  uvectr32.cpp
  uvectr64.cpp
  errorcode.cpp
  putil.cpp
  umutex.cpp
  ucnv2022.cpp
  ucnv_bld.cpp
  ucnv_ext.cpp
  ucnv_io.cpp
  ucnvbocu.cpp
  ucnvmbcs.cpp
  ucnvsel.cpp
  ucln_cmn.cpp
  udata.cpp
  uinit.cpp
  uobject.cpp
  コードを生成中...
  コンパイル中...
  dtintrv.cpp
  parsepos.cpp
  util.cpp
  util_props.cpp
  punycode.cpp
  uidna.cpp
  uts46.cpp
uts46.cpp(1416): warning C4267: '引数': 'size_t' から 'int32_t' に変換しました。データが失われているかもしれません。
uts46.cpp(1432): warning C4267: '引数': 'size_t' から 'int32_t' に変換しました。データが失われているかもしれません。
uts46.cpp(1448): warning C4267: '引数': 'size_t' から 'int32_t' に変換しました。データが失われているかもしれません。
uts46.cpp(1464): warning C4267: '引数': 'size_t' から 'int32_t' に変換しました。データが失われているかもしれません。
  locavailable.cpp
  locbased.cpp
  locdispnames.cpp
locdispnames.cpp(543): warning C4244: '=': '__int64' から 'int32_t' への変換です。データが失われる可能性があります。
locdispnames.cpp(559): warning C4244: '=': '__int64' から 'int32_t' への変換です。データが失われる可能性があります。
locdispnames.cpp(560): warning C4244: '=': '__int64' から 'int32_t' への変換です。データが失われる可能性があります。
  locdspnm.cpp
locdspnm.cpp(54): warning C4244: 'return': '__int64' から 'int32_t' への変換です。データが失われる可能性があります。
locdspnm.cpp(98): warning C4267: '初期化中': 'size_t' から 'int32_t' に変換しました。データが失われているかもしれません。
  locid.cpp
locid.cpp(646): warning C4267: '引数': 'size_t' から 'int32_t' に変換しました。データが失われているかもしれません。
  loclikely.cpp
  locresdata.cpp
  locutil.cpp
  resbund.cpp
  resbund_cnv.cpp
  uloc.cpp
uloc.cpp(534): warning C4267: '初期化中': 'size_t' から 'int32_t' に変換しました。データが失われているかもしれません。
  uresbund.cpp
  uresdata.cpp
  コードを生成中...
  コンパイル中...
  resource.cpp
  ucurr.cpp
  caniter.cpp
  filterednormalizer2.cpp
  loadednormalizer2impl.cpp
loadednormalizer2impl.cpp(247): warning C4267: '初期化中': 'size_t' から 'int32_t' に変換しました。データが失われているかもしれません。
  normalizer2.cpp
  normalizer2impl.cpp
  normlzr.cpp
  unorm.cpp
  unormcmp.cpp
  bmpset.cpp
  patternprops.cpp
  propname.cpp
  ruleiter.cpp
  ucase.cpp
  unames.cpp
  unifiedcache.cpp
  unifilt.cpp
  unifunct.cpp
  uniset.cpp
  コードを生成中...
  コンパイル中...
  uniset_closure.cpp
  uniset_props.cpp
  unisetspan.cpp
  uprops.cpp
  uscript_props.cpp
  uset.cpp
  uset_props.cpp
  usetiter.cpp
  icuplug.cpp
  serv.cpp
  servlk.cpp
  servlkf.cpp
  servls.cpp
  servnotf.cpp
  servrbf.cpp
  servslkf.cpp
  usprep.cpp
usprep.cpp(356): warning C4267: '引数': 'size_t' から 'int32_t' に変換しました。データが失われているかもしれません。
usprep.cpp(358): warning C4267: '引数': 'size_t' から 'int32_t' に変換しました。データが失われているかもしれません。
  appendable.cpp
  bytestream.cpp
  bytestrie.cpp
  コードを生成中...
  コンパイル中...
  bytestriebuilder.cpp
  bytestrieiterator.cpp
  chariter.cpp
  charstr.cpp
charstr.cpp(67): warning C4267: '=': 'size_t' から 'int32_t' に変換しました。データが失われているかもしれません。
  cstr.cpp
  messagepattern.cpp
  schriter.cpp
  stringpiece.cpp
  stringtriebuilder.cpp
  simpleformatter.cpp
  ucasemap.cpp
  ucasemap_titlecase_brkiter.cpp
  ucharstrie.cpp
  ucharstriebuilder.cpp
  ucharstrieiterator.cpp
  uchriter.cpp
  uiter.cpp
  unistr.cpp
  unistr_case.cpp
  unistr_case_locale.cpp
  コードを生成中...
  コンパイル中...
  unistr_cnv.cpp
  unistr_props.cpp
  unistr_titlecase_brkiter.cpp
  ustr_cnv.cpp
  ustr_titlecase_brkiter.cpp
  ustr_wcs.cpp
  ustrcase.cpp
ustrcase.cpp(840): warning C4244: '=': '__int64' から 'int32_t' への変換です。データが失われる可能性があります。
ustrcase.cpp(841): warning C4244: '=': '__int64' から 'int32_t' への変換です。データが失われる可能性があります。
  ustrcase_locale.cpp
  ustring.cpp
  ustrtrns.cpp
ustrtrns.cpp(1313): warning C4267: '=': 'size_t' から 'int32_t' に変換しました。データが失われているかもしれません。
  utext.cpp
  listformatter.cpp
  ulistformatter.cpp
  sharedobject.cpp
  コードを生成中...
  ubidi.c
  ubidi_props.c
  ubidiln.c
  ubidiwrt.c
  propsvec.c
  uarrsort.c
  uenum.c
  uhash.c
uhash.c(845): warning C4267: '関数': 'size_t' から 'int32_t' に変換しました。データが失われているかもしれません。
uhash.c(851): warning C4267: '関数': 'size_t' から 'int32_t' に変換しました。データが失われているかもしれません。
  ulist.c
ulist.c(218): warning C4267: '=': 'size_t' から 'int32_t' に変換しました。データが失われているかもしれません。
  icudataver.c
  locmap.c
locmap.c(1034): warning C4267: '=': 'size_t' から 'int32_t' に変換しました。データが失われているかもしれません。
locmap.c(1071): warning C4267: '初期化中': 'size_t' から 'int32_t' に変換しました。データが失われているかもしれません。
  umath.c
  utrace.c
  utypes.c
  wintz.c
wintz.c(427): warning C4267: '=': 'size_t' から 'int32_t' に変換しました。データが失われているかもしれません。
wintz.c(328): warning C4996: 'GetVersionExA': が古い形式として宣言されました。
  C:\Program Files (x86)\Windows Kits\8.1\Include\um\sysinfoapi.h(433): note: 'GetVersionExA' の宣言を確認してください
  ucnv.c
  ucnv_cb.c
  ucnv_cnv.c
  ucnv_ct.c
ucnv_ct.c(180): warning C4244: '初期化中': '__int64' から 'int32_t' への変換です。データが失われる可能性があります。
ucnv_ct.c(516): warning C4267: '=': 'size_t' から 'int32_t' に変換しました。データが失われているかもしれません。
  ucnv_err.c
  コードを生成中...
  コンパイル中...
  ucnv_lmb.c
ucnv_lmb.c(963): warning C4267: '=': 'size_t' から 'int32_t' に変換しました。データが失われているかもしれません。
ucnv_lmb.c(969): warning C4267: '=': 'size_t' から 'int32_t' に変換しました。データが失われているかもしれません。
ucnv_lmb.c(975): warning C4267: '=': 'size_t' から 'int32_t' に変換しました。データが失われているかもしれません。
ucnv_lmb.c(982): warning C4267: '=': 'size_t' から 'int32_t' に変換しました。データが失われているかもしれません。
  ucnv_set.c
  ucnv_u16.c
  ucnv_u32.c
  ucnv_u7.c
  ucnv_u8.c
  ucnvdisp.c
  ucnvhz.c
  ucnvisci.c
  ucnvlat1.c
  ucnvscsu.c
  cmemory.c
  ucmndata.c
  udatamem.c
  udataswp.c
  umapfile.c
  ustrfmt.c
  ucat.c
  uloc_tag.c
uloc_tag.c(1014): warning C4267: '初期化中': 'size_t' から 'int32_t' に変換しました。データが失われているかもしれません。
uloc_tag.c(1287): warning C4267: '=': 'size_t' から 'int32_t' に変換しました。データが失われているかもしれません。
uloc_tag.c(1830): warning C4267: '=': 'size_t' から 'int32_t' に変換しました。データが失われているかもしれません。
  ures_cnv.c
  コードを生成中...
  コンパイル中...
  uchar.c
  usc_impl.c
  uscript.c
  cstring.c
  cwchar.c
  uinvchar.c
uinvchar.c(572): warning C4267: '=': 'size_t' から 'int32_t' に変換しました。データが失われているかもしれません。
uinvchar.c(593): warning C4267: '=': 'size_t' から 'int32_t' に変換しました。データが失われているかもしれません。
  utf_impl.c
  コードを生成中...
  ucol_swp.cpp
C:\Program Files (x86)\MSBuild\Microsoft.Cpp\v4.0\V140\Microsoft.CppBuild.targets(1189,5): warning MSB8012: TargetPath(C:\ws\game\g2\code\core\oss\icu4c-57_1-src\icu\source\common\.\x64\Release\common.dll) does not match the Linker's OutputFile property value (C:\ws\game\g2\code\core\oss\icu4c-57_1-src\icu\bin64\icuuc57.dll). This may cause your project to build incorrectly. To correct this, please make sure that $(OutDir), $(TargetName) and $(TargetExt) property values match the value specified in %(Link.OutputFile).
C:\Program Files (x86)\MSBuild\Microsoft.Cpp\v4.0\V140\Microsoft.CppBuild.targets(1191,5): warning MSB8012: TargetName(common) does not match the Linker's OutputFile property value (icuuc57). This may cause your project to build incorrectly. To correct this, please make sure that $(OutDir), $(TargetName) and $(TargetExt) property values match the value specified in %(Link.OutputFile).
     ライブラリ ..\..\lib64\icuuc.lib とオブジェクト ..\..\lib64\icuuc.exp を作成中
  common.vcxproj -> C:\ws\game\g2\code\core\oss\icu4c-57_1-src\icu\source\common\.\x64\Release\common.dll
  common.vcxproj -> .\..\..\lib64\icuuc.pdb (Full PDB)
